#
# There is insufficient memory for the Java Runtime Environment to continue.
# Native memory allocation (mmap) failed to map 199229440 bytes. Error detail: G1 virtual space
# Possible reasons:
#   The system is out of physical RAM or swap space
#   This process is running with CompressedOops enabled, and the Java Heap may be blocking the growth of the native heap
# Possible solutions:
#   Reduce memory load on the system
#   Increase physical memory or swap space
#   Check if swap backing store is full
#   Decrease Java heap size (-Xmx/-Xms)
#   Decrease number of Java threads
#   Decrease Java thread stack sizes (-Xss)
#   Set larger code cache with -XX:ReservedCodeCacheSize=
#   JVM is running with Zero Based Compressed Oops mode in which the Java heap is
#     placed in the first 32GB address space. The Java Heap base address is the
#     maximum limit for the native heap growth. Please use -XX:HeapBaseMinAddress
#     to set the Java Heap base and to place the Java Heap above 32GB virtual address.
# This output file may be truncated or incomplete.
#
#  Out of Memory Error (os_windows.cpp:3815), pid=1180, tid=13168
#
# JRE version:  (21.0.3) (build )
# Java VM: OpenJDK 64-Bit Server VM (21.0.3+-12282718-b509.11, mixed mode, sharing, tiered, compressed oops, compressed class ptrs, g1 gc, windows-amd64)
# No core dump will be written. Minidumps are not enabled by default on client versions of Windows
#

---------------  S U M M A R Y ------------

Command Line: org.jetbrains.kotlin.cli.jvm.K2JVMCompiler @D:\ComposeTamilCalendar2025\app\build\20241106_17510514858241317324.compiler.options

Host: Intel(R) Core(TM) i5-8265U CPU @ 1.60GHz, 8 cores, 11G,  Windows 11 , 64 bit Build 22621 (10.0.22621.3672)
Time: Wed Nov  6 13:25:51 2024 India Standard Time elapsed time: 0.016326 seconds (0d 0h 0m 0s)

---------------  T H R E A D  ---------------

Current thread (0x000001bae49b87b0):  JavaThread "Unknown thread" [_thread_in_vm, id=13168, stack(0x000000b470c00000,0x000000b470d00000) (1024K)]

Stack: [0x000000b470c00000,0x000000b470d00000]
Native frames: (J=compiled Java code, j=interpreted, Vv=VM code, C=native code)
V  [jvm.dll+0x6cafb9]
V  [jvm.dll+0x858523]
V  [jvm.dll+0x85aa7e]
V  [jvm.dll+0x85b163]
V  [jvm.dll+0x27d356]
V  [jvm.dll+0x6c7865]
V  [jvm.dll+0x6bbd3a]
V  [jvm.dll+0x35199b]
V  [jvm.dll+0x3595d6]
V  [jvm.dll+0x3aa826]
V  [jvm.dll+0x3aaaf8]
V  [jvm.dll+0x3240bc]
V  [jvm.dll+0x324dab]
V  [jvm.dll+0x81fd89]
V  [jvm.dll+0x3b7c08]
V  [jvm.dll+0x80921d]
V  [jvm.dll+0x44c05e]
V  [jvm.dll+0x44d6b1]
C  [jli.dll+0x52ab]
C  [ucrtbase.dll+0x29333]
C  [KERNEL32.DLL+0x1257d]
C  [ntdll.dll+0x5af28]


---------------  P R O C E S S  ---------------

Threads class SMR info:
_java_thread_list=0x00007ffcf0f057c8, length=0, elements={
}

Java Threads: ( => current thread )
Total: 0

Other Threads:
  0x000001bae6b38690 WorkerThread "GC Thread#0"                     [id=13288, stack(0x000000b470d00000,0x000000b470e00000) (1024K)]
  0x000001bae6b45570 ConcurrentGCThread "G1 Main Marker"            [id=5368, stack(0x000000b470e00000,0x000000b470f00000) (1024K)]
  0x000001bae6b47020 WorkerThread "G1 Conc#0"                       [id=7204, stack(0x000000b470f00000,0x000000b471000000) (1024K)]

[error occurred during error reporting (printing all threads), id 0xc0000005, EXCEPTION_ACCESS_VIOLATION (0xc0000005) at pc=0x00007ffcf0707197]
VM state: not at safepoint (not fully initialized)

VM Mutex/Monitor currently owned by a thread:  ([mutex/lock_event])
[0x00007ffcf0f721c8] Heap_lock - owner thread: 0x000001bae49b87b0

Heap address: 0x0000000742600000, size: 3034 MB, Compressed Oops mode: Zero based, Oop shift amount: 3

CDS archive(s) mapped at: [0x0000000000000000-0x0000000000000000-0x0000000000000000), size 0, SharedBaseAddress: 0x0000000800000000, ArchiveRelocationMode: 1.
Narrow klass base: 0x0000000000000000, Narrow klass shift: 0, Narrow klass range: 0x0

GC Precious Log:
 CardTable entry size: 512
 Card Set container configuration: InlinePtr #cards 4 size 8 Array Of Cards #cards 16 size 48 Howl #buckets 8 coarsen threshold 3686 Howl Bitmap #cards 512 size 80 coarsen threshold 460 Card regions per heap region 1 cards per card region 4096

Heap:
 garbage-first heap   total 0K, used 0K [0x0000000742600000, 0x0000000800000000)
  region size 2048K, 0 young (0K), 0 survivors (0K)
 Metaspace       used 0K, committed 0K, reserved 0K
  class space    used 0K, committed 0K, reserved 0K

Heap Regions: E=young(eden), S=young(survivor), O=old, HS=humongous(starts), HC=humongous(continues), CS=collection set, F=free, TAMS=top-at-mark-start, PB=parsable bottom

Card table byte_map: [0x000001baf9550000,0x000001baf9b40000] _byte_map_base: 0x000001baf5b3d000

Marking Bits: (CMBitMap*) 0x000001bae6b38d90
 Bits: [0x000001baf9b40000, 0x000001bafcaa8000)

GC Heap History (0 events):
No events

Dll operation events (1 events):
Event: 0.012 Loaded shared library C:\Program Files\Android\Android Studio\jbr\bin\java.dll

Deoptimization events (0 events):
No events

Classes loaded (0 events):
No events

Classes unloaded (0 events):
No events

Classes redefined (0 events):
No events

Internal exceptions (0 events):
No events

ZGC Phase Switch (0 events):
No events

VM Operations (0 events):
No events

Events (0 events):
No events


Dynamic libraries:
0x00007ff65b3a0000 - 0x00007ff65b3aa000 	C:\Program Files\Android\Android Studio\jbr\bin\java.exe
0x00007ffd5e990000 - 0x00007ffd5eba7000 	C:\Windows\SYSTEM32\ntdll.dll
0x00007ffd5d4d0000 - 0x00007ffd5d594000 	C:\Windows\System32\KERNEL32.DLL
0x00007ffd5c320000 - 0x00007ffd5c6cc000 	C:\Windows\System32\KERNELBASE.dll
0x00007ffd5c180000 - 0x00007ffd5c291000 	C:\Windows\System32\ucrtbase.dll
0x00007ffd43b00000 - 0x00007ffd43b18000 	C:\Program Files\Android\Android Studio\jbr\bin\jli.dll
0x00007ffd504e0000 - 0x00007ffd504fb000 	C:\Program Files\Android\Android Studio\jbr\bin\VCRUNTIME140.dll
0x00007ffd5d5e0000 - 0x00007ffd5d78e000 	C:\Windows\System32\USER32.dll
0x00007ffd5bfc0000 - 0x00007ffd5bfe6000 	C:\Windows\System32\win32u.dll
0x00007ffd5e600000 - 0x00007ffd5e629000 	C:\Windows\System32\GDI32.dll
0x00007ffd5bcc0000 - 0x00007ffd5bdd9000 	C:\Windows\System32\gdi32full.dll
0x00007ffd3b910000 - 0x00007ffd3bba3000 	C:\Windows\WinSxS\amd64_microsoft.windows.common-controls_6595b64144ccf1df_6.0.22621.3672_none_2713b9d173822955\COMCTL32.dll
0x00007ffd5c0b0000 - 0x00007ffd5c14a000 	C:\Windows\System32\msvcp_win.dll
0x00007ffd5d890000 - 0x00007ffd5d937000 	C:\Windows\System32\msvcrt.dll
0x00007ffd5e410000 - 0x00007ffd5e441000 	C:\Windows\System32\IMM32.DLL
0x00007ffd50550000 - 0x00007ffd5055c000 	C:\Program Files\Android\Android Studio\jbr\bin\vcruntime140_1.dll
0x00007ffd20430000 - 0x00007ffd204bd000 	C:\Program Files\Android\Android Studio\jbr\bin\msvcp140.dll
0x00007ffcf03d0000 - 0x00007ffcf104d000 	C:\Program Files\Android\Android Studio\jbr\bin\server\jvm.dll
0x00007ffd5e710000 - 0x00007ffd5e7c2000 	C:\Windows\System32\ADVAPI32.dll
0x00007ffd5e360000 - 0x00007ffd5e40a000 	C:\Windows\System32\sechost.dll
0x00007ffd5c150000 - 0x00007ffd5c178000 	C:\Windows\System32\bcrypt.dll
0x00007ffd5cb50000 - 0x00007ffd5cc65000 	C:\Windows\System32\RPCRT4.dll
0x00007ffd5e7d0000 - 0x00007ffd5e841000 	C:\Windows\System32\WS2_32.dll
0x00007ffd5ab50000 - 0x00007ffd5ab9d000 	C:\Windows\SYSTEM32\POWRPROF.dll
0x00007ffd58de0000 - 0x00007ffd58e14000 	C:\Windows\SYSTEM32\WINMM.dll
0x00007ffd56a40000 - 0x00007ffd56a4a000 	C:\Windows\SYSTEM32\VERSION.dll
0x00007ffd5ab30000 - 0x00007ffd5ab43000 	C:\Windows\SYSTEM32\UMPDC.dll
0x00007ffd5ade0000 - 0x00007ffd5adf8000 	C:\Windows\SYSTEM32\kernel.appcore.dll
0x00007ffd45fc0000 - 0x00007ffd45fca000 	C:\Program Files\Android\Android Studio\jbr\bin\jimage.dll
0x00007ffd589b0000 - 0x00007ffd58be2000 	C:\Windows\SYSTEM32\DBGHELP.DLL
0x00007ffd5d9a0000 - 0x00007ffd5dd28000 	C:\Windows\System32\combase.dll
0x00007ffd5e630000 - 0x00007ffd5e707000 	C:\Windows\System32\OLEAUT32.dll
0x00007ffd58da0000 - 0x00007ffd58dd2000 	C:\Windows\SYSTEM32\dbgcore.DLL
0x00007ffd5c2a0000 - 0x00007ffd5c31b000 	C:\Windows\System32\bcryptPrimitives.dll
0x00007ffd45fa0000 - 0x00007ffd45fbf000 	C:\Program Files\Android\Android Studio\jbr\bin\java.dll

dbghelp: loaded successfully - version: 4.0.5 - missing functions: none
symbol engine: initialized successfully - sym options: 0x614 - pdb path: .;C:\Program Files\Android\Android Studio\jbr\bin;C:\Windows\SYSTEM32;C:\Windows\WinSxS\amd64_microsoft.windows.common-controls_6595b64144ccf1df_6.0.22621.3672_none_2713b9d173822955;C:\Program Files\Android\Android Studio\jbr\bin\server

VM Arguments:
java_command: org.jetbrains.kotlin.cli.jvm.K2JVMCompiler @D:\ComposeTamilCalendar2025\app\build\20241106_17510514858241317324.compiler.options
java_class_path (initial): C:\Users\LENOVO\.gradle\caches\modules-2\files-2.1\org.jetbrains.kotlin\kotlin-compiler-embeddable\2.0.0\1de310de3446414381282ffc46c3ed3919a4d1da\kotlin-compiler-embeddable-2.0.0.jar;C:\Users\LENOVO\.gradle\caches\modules-2\files-2.1\org.jetbrains.kotlin\kotlin-stdlib\2.0.0\b48df2c4aede9586cc931ead433bc02d6fd7879e\kotlin-stdlib-2.0.0.jar;C:\Users\LENOVO\.gradle\caches\modules-2\files-2.1\org.jetbrains.kotlin\kotlin-script-runtime\2.0.0\fdc27dd047d592fa41d2dfa21e7621287a361612\kotlin-script-runtime-2.0.0.jar;C:\Users\LENOVO\.gradle\caches\modules-2\files-2.1\org.jetbrains.kotlin\kotlin-reflect\1.6.10\1cbe9c92c12a94eea200d23c2bbaedaf3daf5132\kotlin-reflect-1.6.10.jar;C:\Users\LENOVO\.gradle\caches\modules-2\files-2.1\org.jetbrains.kotlin\kotlin-daemon-embeddable\2.0.0\b39c612768614c4428c96ee9c65477181fffe9d\kotlin-daemon-embeddable-2.0.0.jar;C:\Users\LENOVO\.gradle\caches\modules-2\files-2.1\org.jetbrains.intellij.deps\trove4j\1.0.20200330\3afb14d5f9ceb459d724e907a21145e8ff394f02\trove4j-1.0.20200330.jar;C:\Users\LENOVO\.gradle\caches\modules-2\files-2.1\org.jetbrains\annotations\13.0\919f0dfe192fb4e063e7dacadee7f8bb9a2672a9\annotations-13.0.jar
Launcher Type: SUN_STANDARD

[Global flags]
     intx CICompilerCount                          = 4                                         {product} {ergonomic}
     uint ConcGCThreads                            = 2                                         {product} {ergonomic}
     uint G1ConcRefinementThreads                  = 8                                         {product} {ergonomic}
   size_t G1HeapRegionSize                         = 2097152                                   {product} {ergonomic}
    uintx GCDrainStackTargetSize                   = 64                                        {product} {ergonomic}
   size_t InitialHeapSize                          = 199229440                                 {product} {ergonomic}
   size_t MarkStackSize                            = 4194304                                   {product} {ergonomic}
   size_t MaxHeapSize                              = 3181379584                                {product} {ergonomic}
   size_t MinHeapDeltaBytes                        = 2097152                                   {product} {ergonomic}
   size_t MinHeapSize                              = 8388608                                   {product} {ergonomic}
    uintx NonNMethodCodeHeapSize                   = 5839372                                {pd product} {ergonomic}
    uintx NonProfiledCodeHeapSize                  = 122909434                              {pd product} {ergonomic}
    uintx ProfiledCodeHeapSize                     = 122909434                              {pd product} {ergonomic}
    uintx ReservedCodeCacheSize                    = 251658240                              {pd product} {ergonomic}
     bool SegmentedCodeCache                       = true                                      {product} {ergonomic}
   size_t SoftMaxHeapSize                          = 3181379584                             {manageable} {ergonomic}
     bool UseCompressedOops                        = true                           {product lp64_product} {ergonomic}
     bool UseG1GC                                  = true                                      {product} {ergonomic}
     bool UseLargePagesIndividualAllocation        = false                                  {pd product} {ergonomic}

Logging:
Log output configuration:
 #0: stdout all=warning uptime,level,tags foldmultilines=false
 #1: stderr all=off uptime,level,tags foldmultilines=false

Environment Variables:
PATH=C:\Windows\system32;C:\Windows;C:\Windows\System32\Wbem;C:\Windows\System32\WindowsPowerShell\v1.0\;C:\Windows\System32\OpenSSH\;C:\Program Files (x86)\NVIDIA Corporation\PhysX\Common;C:\Program Files\Git\cmd;C:\Users\LENOVO\AppData\Local\Microsoft\WindowsApps;C:\Users\LENOVO\AppData\Local\Programs\Microsoft VS Code\bin
USERNAME=LENOVO
OS=Windows_NT
PROCESSOR_IDENTIFIER=Intel64 Family 6 Model 142 Stepping 11, GenuineIntel
TMP=C:\Users\LENOVO\AppData\Local\Temp
TEMP=C:\Users\LENOVO\AppData\Local\Temp




Periodic native trim disabled

JNI global refs:
JNI global refs: 0, weak refs: 0

JNI global refs memory usage: 0, weak refs: 0

Process memory usage:
Resident Set Size: 11540K (0% of 12424948K total physical memory with 349128K free physical memory)

OOME stack traces (most recent first):
Classloader memory used:

---------------  S Y S T E M  ---------------

OS:
 Windows 11 , 64 bit Build 22621 (10.0.22621.3672)
OS uptime: 7 days 19:38 hours

CPU: total 8 (initial active 8) (4 cores per cpu, 2 threads per core) family 6 model 142 stepping 11 microcode 0xf0, cx8, cmov, fxsr, ht, mmx, 3dnowpref, sse, sse2, sse3, ssse3, sse4.1, sse4.2, popcnt, lzcnt, tsc, tscinvbit, avx, avx2, aes, erms, clmul, bmi1, bmi2, adx, fma, vzeroupper, clflush, clflushopt, rdtscp, f16c
Processor Information for all 8 processors :
  Max Mhz: 1800, Current Mhz: 1600, Mhz Limit: 1584

Memory: 4k page, system-wide physical 12133M (340M free)
TotalPageFile size 34066M (AvailPageFile size 19M)
current process WorkingSet (physical memory assigned to process): 11M, peak: 11M
current process commit charge ("private bytes"): 60M, peak: 250M

vm_info: OpenJDK 64-Bit Server VM (21.0.3+-12282718-b509.11) for windows-amd64 JRE (21.0.3+-12282718-b509.11), built on 2024-08-27T17:34:15Z by "builder" with MS VC++ 16.10 / 16.11 (VS2019)

END.
